
> campusride-frontend@1.0.0 dev
> vite


  VITE v5.4.19  ready in 155 ms

  ➜  Local:   http://localhost:3000/
  ➜  Network: http://10.1.111.14:3000/
9:28:42 PM [vite] hmr update /src/components/groups/PostThoughtModal.vue, /src/assets/styles/main.css, /src/App.vue?vue&type=style&index=0&lang.css
12:50:33 AM [vite] hmr update /src/components/groups/GroupSidebar.vue, /src/assets/styles/main.css, /src/App.vue?vue&type=style&index=0&lang.css
12:51:32 AM [vite] hmr update /src/views/ActivitiesView.vue, /src/assets/styles/main.css, /src/App.vue?vue&type=style&index=0&lang.css
12:54:51 AM [vite] page reload src/router/index.js
12:54:52 AM [vite] page reload src/router/index.js
12:55:10 AM [vite] hmr update /src/views/ActivitiesView.vue, /src/assets/styles/main.css, /src/App.vue?vue&type=style&index=0&lang.css
12:55:10 AM [vite] hmr update /src/views/ActivitiesView.vue, /src/assets/styles/main.css, /src/App.vue?vue&type=style&index=0&lang.css
1:19:15 AM [vite] hmr update /src/views/ActivitiesView.vue, /src/assets/styles/main.css, /src/App.vue?vue&type=style&index=0&lang.css
1:19:24 AM [vite] hmr update /src/views/ActivitiesView.vue, /src/assets/styles/main.css, /src/App.vue?vue&type=style&index=0&lang.css
1:19:50 AM [vite] hmr update /src/views/ActivitiesView.vue, /src/assets/styles/main.css, /src/App.vue?vue&type=style&index=0&lang.css
1:20:13 AM [vite] hmr update /src/views/ActivitiesView.vue, /src/assets/styles/main.css, /src/App.vue?vue&type=style&index=0&lang.css
1:20:39 AM [vite] hmr update /src/views/ActivitiesView.vue, /src/assets/styles/main.css, /src/App.vue?vue&type=style&index=0&lang.css
10:39:46 AM [vite] hmr update /src/views/CreateActivityView.vue, /src/assets/styles/main.css, /src/App.vue?vue&type=style&index=0&lang.css
10:39:57 AM [vite] hmr update /src/views/CreateActivityView.vue, /src/assets/styles/main.css, /src/App.vue?vue&type=style&index=0&lang.css
10:40:08 AM [vite] hmr update /src/views/CreateActivityView.vue, /src/assets/styles/main.css, /src/App.vue?vue&type=style&index=0&lang.css
10:40:22 AM [vite] hmr update /src/views/CreateActivityView.vue, /src/assets/styles/main.css, /src/App.vue?vue&type=style&index=0&lang.css
10:40:39 AM [vite] hmr update /src/views/CreateActivityView.vue, /src/assets/styles/main.css, /src/App.vue?vue&type=style&index=0&lang.css
10:41:27 AM [vite] hmr update /src/views/ActivityDetailView.vue, /src/assets/styles/main.css, /src/App.vue?vue&type=style&index=0&lang.css
10:41:57 AM [vite] hmr update /src/views/ActivityDetailView.vue, /src/assets/styles/main.css, /src/App.vue?vue&type=style&index=0&lang.css
10:42:06 AM [vite] hmr update /src/views/ActivityDetailView.vue, /src/assets/styles/main.css, /src/App.vue?vue&type=style&index=0&lang.css
10:43:37 AM [vite] hmr update /src/views/ActivityDetailView.vue, /src/assets/styles/main.css, /src/App.vue?vue&type=style&index=0&lang.css
10:43:49 AM [vite] hmr update /src/views/ActivityDetailView.vue, /src/assets/styles/main.css, /src/App.vue?vue&type=style&index=0&lang.css
10:44:03 AM [vite] hmr update /src/views/ActivityDetailView.vue, /src/assets/styles/main.css, /src/App.vue?vue&type=style&index=0&lang.css
10:44:04 AM [vite] Internal server error: Failed to resolve import "@/components/activities/ContactOrganizerModal.vue" from "src/views/ActivityDetailView.vue". Does the file exist?
  Plugin: vite:import-analysis
  File: /Users/zhuricardo/Desktop/CampusRide/CampusRide/integration/src/views/ActivityDetailView.vue:356:36
  20 |  import CheckInQRCode from '@/components/activities/CheckInQRCode.vue'
  21 |  import CheckInScanner from '@/components/activities/CheckInScanner.vue'
  22 |  import ContactOrganizerModal from '@/components/activities/ContactOrganizerModal.vue'
     |                                     ^
  23 |  
  24 |  
      at TransformPluginContext._formatError (file:///Users/zhuricardo/Desktop/CampusRide/CampusRide/integration/node_modules/vite/dist/node/chunks/dep-C6uTJdX2.js:49258:41)
      at TransformPluginContext.error (file:///Users/zhuricardo/Desktop/CampusRide/CampusRide/integration/node_modules/vite/dist/node/chunks/dep-C6uTJdX2.js:49253:16)
      at normalizeUrl (file:///Users/zhuricardo/Desktop/CampusRide/CampusRide/integration/node_modules/vite/dist/node/chunks/dep-C6uTJdX2.js:64291:23)
      at async file:///Users/zhuricardo/Desktop/CampusRide/CampusRide/integration/node_modules/vite/dist/node/chunks/dep-C6uTJdX2.js:64423:39
      at async Promise.all (index 8)
      at async TransformPluginContext.transform (file:///Users/zhuricardo/Desktop/CampusRide/CampusRide/integration/node_modules/vite/dist/node/chunks/dep-C6uTJdX2.js:64350:7)
      at async PluginContainer.transform (file:///Users/zhuricardo/Desktop/CampusRide/CampusRide/integration/node_modules/vite/dist/node/chunks/dep-C6uTJdX2.js:49099:18)
      at async loadAndTransform (file:///Users/zhuricardo/Desktop/CampusRide/CampusRide/integration/node_modules/vite/dist/node/chunks/dep-C6uTJdX2.js:51977:27)
      at async viteTransformMiddleware (file:///Users/zhuricardo/Desktop/CampusRide/CampusRide/integration/node_modules/vite/dist/node/chunks/dep-C6uTJdX2.js:62105:24)
10:44:04 AM [vite] Internal server error: Failed to resolve import "@/components/activities/ContactOrganizerModal.vue" from "src/views/ActivityDetailView.vue". Does the file exist?
  Plugin: vite:import-analysis
  File: /Users/zhuricardo/Desktop/CampusRide/CampusRide/integration/src/views/ActivityDetailView.vue:356:36
  20 |  import CheckInQRCode from '@/components/activities/CheckInQRCode.vue'
  21 |  import CheckInScanner from '@/components/activities/CheckInScanner.vue'
  22 |  import ContactOrganizerModal from '@/components/activities/ContactOrganizerModal.vue'
     |                                     ^
  23 |  
  24 |  
      at TransformPluginContext._formatError (file:///Users/zhuricardo/Desktop/CampusRide/CampusRide/integration/node_modules/vite/dist/node/chunks/dep-C6uTJdX2.js:49258:41)
      at TransformPluginContext.error (file:///Users/zhuricardo/Desktop/CampusRide/CampusRide/integration/node_modules/vite/dist/node/chunks/dep-C6uTJdX2.js:49253:16)
      at normalizeUrl (file:///Users/zhuricardo/Desktop/CampusRide/CampusRide/integration/node_modules/vite/dist/node/chunks/dep-C6uTJdX2.js:64291:23)
      at async file:///Users/zhuricardo/Desktop/CampusRide/CampusRide/integration/node_modules/vite/dist/node/chunks/dep-C6uTJdX2.js:64423:39
      at async Promise.all (index 8)
      at async TransformPluginContext.transform (file:///Users/zhuricardo/Desktop/CampusRide/CampusRide/integration/node_modules/vite/dist/node/chunks/dep-C6uTJdX2.js:64350:7)
      at async PluginContainer.transform (file:///Users/zhuricardo/Desktop/CampusRide/CampusRide/integration/node_modules/vite/dist/node/chunks/dep-C6uTJdX2.js:49099:18)
      at async loadAndTransform (file:///Users/zhuricardo/Desktop/CampusRide/CampusRide/integration/node_modules/vite/dist/node/chunks/dep-C6uTJdX2.js:51977:27)
      at async viteTransformMiddleware (file:///Users/zhuricardo/Desktop/CampusRide/CampusRide/integration/node_modules/vite/dist/node/chunks/dep-C6uTJdX2.js:62105:24)
10:44:14 AM [vite] page reload src/views/ActivityDetailView.vue
10:44:14 AM [vite] Pre-transform error: Failed to resolve import "@/components/activities/ContactOrganizerModal.vue" from "src/views/ActivityDetailView.vue". Does the file exist?
10:44:14 AM [vite] Internal server error: Failed to resolve import "@/components/activities/ContactOrganizerModal.vue" from "src/views/ActivityDetailView.vue". Does the file exist?
  Plugin: vite:import-analysis
  File: /Users/zhuricardo/Desktop/CampusRide/CampusRide/integration/src/views/ActivityDetailView.vue:356:36
  20 |  import CheckInQRCode from '@/components/activities/CheckInQRCode.vue'
  21 |  import CheckInScanner from '@/components/activities/CheckInScanner.vue'
  22 |  import ContactOrganizerModal from '@/components/activities/ContactOrganizerModal.vue'
     |                                     ^
  23 |  
  24 |  
      at TransformPluginContext._formatError (file:///Users/zhuricardo/Desktop/CampusRide/CampusRide/integration/node_modules/vite/dist/node/chunks/dep-C6uTJdX2.js:49258:41)
      at TransformPluginContext.error (file:///Users/zhuricardo/Desktop/CampusRide/CampusRide/integration/node_modules/vite/dist/node/chunks/dep-C6uTJdX2.js:49253:16)
      at normalizeUrl (file:///Users/zhuricardo/Desktop/CampusRide/CampusRide/integration/node_modules/vite/dist/node/chunks/dep-C6uTJdX2.js:64291:23)
      at async file:///Users/zhuricardo/Desktop/CampusRide/CampusRide/integration/node_modules/vite/dist/node/chunks/dep-C6uTJdX2.js:64423:39
      at async Promise.all (index 8)
      at async TransformPluginContext.transform (file:///Users/zhuricardo/Desktop/CampusRide/CampusRide/integration/node_modules/vite/dist/node/chunks/dep-C6uTJdX2.js:64350:7)
      at async PluginContainer.transform (file:///Users/zhuricardo/Desktop/CampusRide/CampusRide/integration/node_modules/vite/dist/node/chunks/dep-C6uTJdX2.js:49099:18)
      at async loadAndTransform (file:///Users/zhuricardo/Desktop/CampusRide/CampusRide/integration/node_modules/vite/dist/node/chunks/dep-C6uTJdX2.js:51977:27)
      at async viteTransformMiddleware (file:///Users/zhuricardo/Desktop/CampusRide/CampusRide/integration/node_modules/vite/dist/node/chunks/dep-C6uTJdX2.js:62105:24)
10:44:14 AM [vite] Internal server error: Failed to resolve import "@/components/activities/ContactOrganizerModal.vue" from "src/views/ActivityDetailView.vue". Does the file exist?
  Plugin: vite:import-analysis
  File: /Users/zhuricardo/Desktop/CampusRide/CampusRide/integration/src/views/ActivityDetailView.vue:356:36
  20 |  import CheckInQRCode from '@/components/activities/CheckInQRCode.vue'
  21 |  import CheckInScanner from '@/components/activities/CheckInScanner.vue'
  22 |  import ContactOrganizerModal from '@/components/activities/ContactOrganizerModal.vue'
     |                                     ^
  23 |  
  24 |  
      at TransformPluginContext._formatError (file:///Users/zhuricardo/Desktop/CampusRide/CampusRide/integration/node_modules/vite/dist/node/chunks/dep-C6uTJdX2.js:49258:41)
      at TransformPluginContext.error (file:///Users/zhuricardo/Desktop/CampusRide/CampusRide/integration/node_modules/vite/dist/node/chunks/dep-C6uTJdX2.js:49253:16)
      at normalizeUrl (file:///Users/zhuricardo/Desktop/CampusRide/CampusRide/integration/node_modules/vite/dist/node/chunks/dep-C6uTJdX2.js:64291:23)
      at async file:///Users/zhuricardo/Desktop/CampusRide/CampusRide/integration/node_modules/vite/dist/node/chunks/dep-C6uTJdX2.js:64423:39
      at async Promise.all (index 8)
      at async TransformPluginContext.transform (file:///Users/zhuricardo/Desktop/CampusRide/CampusRide/integration/node_modules/vite/dist/node/chunks/dep-C6uTJdX2.js:64350:7)
      at async PluginContainer.transform (file:///Users/zhuricardo/Desktop/CampusRide/CampusRide/integration/node_modules/vite/dist/node/chunks/dep-C6uTJdX2.js:49099:18)
      at async loadAndTransform (file:///Users/zhuricardo/Desktop/CampusRide/CampusRide/integration/node_modules/vite/dist/node/chunks/dep-C6uTJdX2.js:51977:27)
      at async viteTransformMiddleware (file:///Users/zhuricardo/Desktop/CampusRide/CampusRide/integration/node_modules/vite/dist/node/chunks/dep-C6uTJdX2.js:62105:24)
10:44:45 AM [vite] page reload src/components/activities/ContactOrganizerModal.vue
10:50:26 AM [vite] hmr update /src/views/ActivitiesView.vue, /src/assets/styles/main.css, /src/App.vue?vue&type=style&index=0&lang.css, /src/views/RideshareView.vue, /src/views/LeaderboardView.vue, /src/views/GroupMapView.vue, /src/views/MarketplaceView.vue, /src/views/CreateActivityView.vue, /src/views/ActivityDetailView.vue, /src/views/GroupDetailView.vue, /src/components/groups/PostThoughtModal.vue, /src/components/groups/CreateGroupModal.vue, /src/components/activities/ActivityDetail.vue, /src/components/groups/GroupSidebar.vue, /src/components/activities/ActivityList.vue, /src/components/activities/ActivityForm.vue, /src/components/activities/CheckInQRCode.vue, /src/components/activities/CheckInScanner.vue, /src/views/ParticipationHistoryView.vue, /src/components/activities/ContactOrganizerModal.vue
10:58:22 AM [vite] hmr update /src/components/layout/HeaderComponent.vue, /src/assets/styles/main.css, /src/App.vue?vue&type=style&index=0&lang.css
10:58:34 AM [vite] hmr update /src/components/layout/HeaderComponent.vue, /src/assets/styles/main.css, /src/App.vue?vue&type=style&index=0&lang.css
10:58:48 AM [vite] hmr update /src/components/layout/HeaderComponent.vue, /src/assets/styles/main.css, /src/App.vue?vue&type=style&index=0&lang.css
11:01:00 AM [vite] page reload src/router/index.js
11:01:10 AM [vite] page reload src/router/index.js
11:05:52 AM [vite] hmr update /src/views/ActivityDetailView.vue, /src/assets/styles/main.css, /src/App.vue?vue&type=style&index=0&lang.css
11:05:58 AM [vite] hmr update /src/views/ActivityDetailView.vue, /src/assets/styles/main.css, /src/App.vue?vue&type=style&index=0&lang.css
11:06:04 AM [vite] hmr update /src/views/ActivityDetailView.vue, /src/assets/styles/main.css, /src/App.vue?vue&type=style&index=0&lang.css
11:06:04 AM [vite] Internal server error: Failed to resolve import "@/components/activities/LocationCheckInModal.vue" from "src/views/ActivityDetailView.vue". Does the file exist?
  Plugin: vite:import-analysis
  File: /Users/zhuricardo/Desktop/CampusRide/CampusRide/integration/src/views/ActivityDetailView.vue:375:35
  21 |  import CheckInQRCode from '@/components/activities/CheckInQRCode.vue'
  22 |  import CheckInScanner from '@/components/activities/CheckInScanner.vue'
  23 |  import LocationCheckInModal from '@/components/activities/LocationCheckInModal.vue'
     |                                    ^
  24 |  import ContactOrganizerModal from '@/components/activities/ContactOrganizerModal.vue'
  25 |  
      at TransformPluginContext._formatError (file:///Users/zhuricardo/Desktop/CampusRide/CampusRide/integration/node_modules/vite/dist/node/chunks/dep-C6uTJdX2.js:49258:41)
      at TransformPluginContext.error (file:///Users/zhuricardo/Desktop/CampusRide/CampusRide/integration/node_modules/vite/dist/node/chunks/dep-C6uTJdX2.js:49253:16)
      at normalizeUrl (file:///Users/zhuricardo/Desktop/CampusRide/CampusRide/integration/node_modules/vite/dist/node/chunks/dep-C6uTJdX2.js:64291:23)
      at async file:///Users/zhuricardo/Desktop/CampusRide/CampusRide/integration/node_modules/vite/dist/node/chunks/dep-C6uTJdX2.js:64423:39
      at async Promise.all (index 8)
      at async TransformPluginContext.transform (file:///Users/zhuricardo/Desktop/CampusRide/CampusRide/integration/node_modules/vite/dist/node/chunks/dep-C6uTJdX2.js:64350:7)
      at async PluginContainer.transform (file:///Users/zhuricardo/Desktop/CampusRide/CampusRide/integration/node_modules/vite/dist/node/chunks/dep-C6uTJdX2.js:49099:18)
      at async loadAndTransform (file:///Users/zhuricardo/Desktop/CampusRide/CampusRide/integration/node_modules/vite/dist/node/chunks/dep-C6uTJdX2.js:51977:27)
      at async viteTransformMiddleware (file:///Users/zhuricardo/Desktop/CampusRide/CampusRide/integration/node_modules/vite/dist/node/chunks/dep-C6uTJdX2.js:62105:24)
11:06:04 AM [vite] Internal server error: Failed to resolve import "@/components/activities/LocationCheckInModal.vue" from "src/views/ActivityDetailView.vue". Does the file exist?
  Plugin: vite:import-analysis
  File: /Users/zhuricardo/Desktop/CampusRide/CampusRide/integration/src/views/ActivityDetailView.vue:375:35
  21 |  import CheckInQRCode from '@/components/activities/CheckInQRCode.vue'
  22 |  import CheckInScanner from '@/components/activities/CheckInScanner.vue'
  23 |  import LocationCheckInModal from '@/components/activities/LocationCheckInModal.vue'
     |                                    ^
  24 |  import ContactOrganizerModal from '@/components/activities/ContactOrganizerModal.vue'
  25 |  
      at TransformPluginContext._formatError (file:///Users/zhuricardo/Desktop/CampusRide/CampusRide/integration/node_modules/vite/dist/node/chunks/dep-C6uTJdX2.js:49258:41)
      at TransformPluginContext.error (file:///Users/zhuricardo/Desktop/CampusRide/CampusRide/integration/node_modules/vite/dist/node/chunks/dep-C6uTJdX2.js:49253:16)
      at normalizeUrl (file:///Users/zhuricardo/Desktop/CampusRide/CampusRide/integration/node_modules/vite/dist/node/chunks/dep-C6uTJdX2.js:64291:23)
      at async file:///Users/zhuricardo/Desktop/CampusRide/CampusRide/integration/node_modules/vite/dist/node/chunks/dep-C6uTJdX2.js:64423:39
      at async Promise.all (index 8)
      at async TransformPluginContext.transform (file:///Users/zhuricardo/Desktop/CampusRide/CampusRide/integration/node_modules/vite/dist/node/chunks/dep-C6uTJdX2.js:64350:7)
      at async PluginContainer.transform (file:///Users/zhuricardo/Desktop/CampusRide/CampusRide/integration/node_modules/vite/dist/node/chunks/dep-C6uTJdX2.js:49099:18)
      at async loadAndTransform (file:///Users/zhuricardo/Desktop/CampusRide/CampusRide/integration/node_modules/vite/dist/node/chunks/dep-C6uTJdX2.js:51977:27)
      at async viteTransformMiddleware (file:///Users/zhuricardo/Desktop/CampusRide/CampusRide/integration/node_modules/vite/dist/node/chunks/dep-C6uTJdX2.js:62105:24)
11:06:09 AM [vite] page reload src/views/ActivityDetailView.vue
11:06:10 AM [vite] Pre-transform error: Failed to resolve import "@/components/activities/LocationCheckInModal.vue" from "src/views/ActivityDetailView.vue". Does the file exist?
11:06:10 AM [vite] Internal server error: Failed to resolve import "@/components/activities/LocationCheckInModal.vue" from "src/views/ActivityDetailView.vue". Does the file exist?
  Plugin: vite:import-analysis
  File: /Users/zhuricardo/Desktop/CampusRide/CampusRide/integration/src/views/ActivityDetailView.vue:375:35
  21 |  import CheckInQRCode from '@/components/activities/CheckInQRCode.vue'
  22 |  import CheckInScanner from '@/components/activities/CheckInScanner.vue'
  23 |  import LocationCheckInModal from '@/components/activities/LocationCheckInModal.vue'
     |                                    ^
  24 |  import ContactOrganizerModal from '@/components/activities/ContactOrganizerModal.vue'
  25 |  
      at TransformPluginContext._formatError (file:///Users/zhuricardo/Desktop/CampusRide/CampusRide/integration/node_modules/vite/dist/node/chunks/dep-C6uTJdX2.js:49258:41)
      at TransformPluginContext.error (file:///Users/zhuricardo/Desktop/CampusRide/CampusRide/integration/node_modules/vite/dist/node/chunks/dep-C6uTJdX2.js:49253:16)
      at normalizeUrl (file:///Users/zhuricardo/Desktop/CampusRide/CampusRide/integration/node_modules/vite/dist/node/chunks/dep-C6uTJdX2.js:64291:23)
      at async file:///Users/zhuricardo/Desktop/CampusRide/CampusRide/integration/node_modules/vite/dist/node/chunks/dep-C6uTJdX2.js:64423:39
      at async Promise.all (index 8)
      at async TransformPluginContext.transform (file:///Users/zhuricardo/Desktop/CampusRide/CampusRide/integration/node_modules/vite/dist/node/chunks/dep-C6uTJdX2.js:64350:7)
      at async PluginContainer.transform (file:///Users/zhuricardo/Desktop/CampusRide/CampusRide/integration/node_modules/vite/dist/node/chunks/dep-C6uTJdX2.js:49099:18)
      at async loadAndTransform (file:///Users/zhuricardo/Desktop/CampusRide/CampusRide/integration/node_modules/vite/dist/node/chunks/dep-C6uTJdX2.js:51977:27)
      at async viteTransformMiddleware (file:///Users/zhuricardo/Desktop/CampusRide/CampusRide/integration/node_modules/vite/dist/node/chunks/dep-C6uTJdX2.js:62105:24)
11:06:10 AM [vite] Internal server error: Failed to resolve import "@/components/activities/LocationCheckInModal.vue" from "src/views/ActivityDetailView.vue". Does the file exist?
  Plugin: vite:import-analysis
  File: /Users/zhuricardo/Desktop/CampusRide/CampusRide/integration/src/views/ActivityDetailView.vue:375:35
  21 |  import CheckInQRCode from '@/components/activities/CheckInQRCode.vue'
  22 |  import CheckInScanner from '@/components/activities/CheckInScanner.vue'
  23 |  import LocationCheckInModal from '@/components/activities/LocationCheckInModal.vue'
     |                                    ^
  24 |  import ContactOrganizerModal from '@/components/activities/ContactOrganizerModal.vue'
  25 |  
      at TransformPluginContext._formatError (file:///Users/zhuricardo/Desktop/CampusRide/CampusRide/integration/node_modules/vite/dist/node/chunks/dep-C6uTJdX2.js:49258:41)
      at TransformPluginContext.error (file:///Users/zhuricardo/Desktop/CampusRide/CampusRide/integration/node_modules/vite/dist/node/chunks/dep-C6uTJdX2.js:49253:16)
      at normalizeUrl (file:///Users/zhuricardo/Desktop/CampusRide/CampusRide/integration/node_modules/vite/dist/node/chunks/dep-C6uTJdX2.js:64291:23)
      at async file:///Users/zhuricardo/Desktop/CampusRide/CampusRide/integration/node_modules/vite/dist/node/chunks/dep-C6uTJdX2.js:64423:39
      at async Promise.all (index 8)
      at async TransformPluginContext.transform (file:///Users/zhuricardo/Desktop/CampusRide/CampusRide/integration/node_modules/vite/dist/node/chunks/dep-C6uTJdX2.js:64350:7)
      at async PluginContainer.transform (file:///Users/zhuricardo/Desktop/CampusRide/CampusRide/integration/node_modules/vite/dist/node/chunks/dep-C6uTJdX2.js:49099:18)
      at async loadAndTransform (file:///Users/zhuricardo/Desktop/CampusRide/CampusRide/integration/node_modules/vite/dist/node/chunks/dep-C6uTJdX2.js:51977:27)
      at async viteTransformMiddleware (file:///Users/zhuricardo/Desktop/CampusRide/CampusRide/integration/node_modules/vite/dist/node/chunks/dep-C6uTJdX2.js:62105:24)
11:06:19 AM [vite] page reload src/views/ActivityDetailView.vue
11:06:19 AM [vite] Pre-transform error: Failed to resolve import "@/components/activities/LocationCheckInModal.vue" from "src/views/ActivityDetailView.vue". Does the file exist?
11:06:19 AM [vite] Internal server error: Failed to resolve import "@/components/activities/LocationCheckInModal.vue" from "src/views/ActivityDetailView.vue". Does the file exist?
  Plugin: vite:import-analysis
  File: /Users/zhuricardo/Desktop/CampusRide/CampusRide/integration/src/views/ActivityDetailView.vue:375:35
  21 |  import CheckInQRCode from '@/components/activities/CheckInQRCode.vue'
  22 |  import CheckInScanner from '@/components/activities/CheckInScanner.vue'
  23 |  import LocationCheckInModal from '@/components/activities/LocationCheckInModal.vue'
     |                                    ^
  24 |  import ContactOrganizerModal from '@/components/activities/ContactOrganizerModal.vue'
  25 |  
      at TransformPluginContext._formatError (file:///Users/zhuricardo/Desktop/CampusRide/CampusRide/integration/node_modules/vite/dist/node/chunks/dep-C6uTJdX2.js:49258:41)
      at TransformPluginContext.error (file:///Users/zhuricardo/Desktop/CampusRide/CampusRide/integration/node_modules/vite/dist/node/chunks/dep-C6uTJdX2.js:49253:16)
      at normalizeUrl (file:///Users/zhuricardo/Desktop/CampusRide/CampusRide/integration/node_modules/vite/dist/node/chunks/dep-C6uTJdX2.js:64291:23)
      at async file:///Users/zhuricardo/Desktop/CampusRide/CampusRide/integration/node_modules/vite/dist/node/chunks/dep-C6uTJdX2.js:64423:39
      at async Promise.all (index 8)
      at async TransformPluginContext.transform (file:///Users/zhuricardo/Desktop/CampusRide/CampusRide/integration/node_modules/vite/dist/node/chunks/dep-C6uTJdX2.js:64350:7)
      at async PluginContainer.transform (file:///Users/zhuricardo/Desktop/CampusRide/CampusRide/integration/node_modules/vite/dist/node/chunks/dep-C6uTJdX2.js:49099:18)
      at async loadAndTransform (file:///Users/zhuricardo/Desktop/CampusRide/CampusRide/integration/node_modules/vite/dist/node/chunks/dep-C6uTJdX2.js:51977:27)
      at async viteTransformMiddleware (file:///Users/zhuricardo/Desktop/CampusRide/CampusRide/integration/node_modules/vite/dist/node/chunks/dep-C6uTJdX2.js:62105:24)
11:06:19 AM [vite] Internal server error: Failed to resolve import "@/components/activities/LocationCheckInModal.vue" from "src/views/ActivityDetailView.vue". Does the file exist?
  Plugin: vite:import-analysis
  File: /Users/zhuricardo/Desktop/CampusRide/CampusRide/integration/src/views/ActivityDetailView.vue:375:35
  21 |  import CheckInQRCode from '@/components/activities/CheckInQRCode.vue'
  22 |  import CheckInScanner from '@/components/activities/CheckInScanner.vue'
  23 |  import LocationCheckInModal from '@/components/activities/LocationCheckInModal.vue'
     |                                    ^
  24 |  import ContactOrganizerModal from '@/components/activities/ContactOrganizerModal.vue'
  25 |  
      at TransformPluginContext._formatError (file:///Users/zhuricardo/Desktop/CampusRide/CampusRide/integration/node_modules/vite/dist/node/chunks/dep-C6uTJdX2.js:49258:41)
      at TransformPluginContext.error (file:///Users/zhuricardo/Desktop/CampusRide/CampusRide/integration/node_modules/vite/dist/node/chunks/dep-C6uTJdX2.js:49253:16)
      at normalizeUrl (file:///Users/zhuricardo/Desktop/CampusRide/CampusRide/integration/node_modules/vite/dist/node/chunks/dep-C6uTJdX2.js:64291:23)
      at async file:///Users/zhuricardo/Desktop/CampusRide/CampusRide/integration/node_modules/vite/dist/node/chunks/dep-C6uTJdX2.js:64423:39
      at async Promise.all (index 8)
      at async TransformPluginContext.transform (file:///Users/zhuricardo/Desktop/CampusRide/CampusRide/integration/node_modules/vite/dist/node/chunks/dep-C6uTJdX2.js:64350:7)
      at async PluginContainer.transform (file:///Users/zhuricardo/Desktop/CampusRide/CampusRide/integration/node_modules/vite/dist/node/chunks/dep-C6uTJdX2.js:49099:18)
      at async loadAndTransform (file:///Users/zhuricardo/Desktop/CampusRide/CampusRide/integration/node_modules/vite/dist/node/chunks/dep-C6uTJdX2.js:51977:27)
      at async viteTransformMiddleware (file:///Users/zhuricardo/Desktop/CampusRide/CampusRide/integration/node_modules/vite/dist/node/chunks/dep-C6uTJdX2.js:62105:24)
11:06:19 AM [vite] Internal server error: Failed to resolve import "@/components/activities/LocationCheckInModal.vue" from "src/views/ActivityDetailView.vue". Does the file exist?
  Plugin: vite:import-analysis
  File: /Users/zhuricardo/Desktop/CampusRide/CampusRide/integration/src/views/ActivityDetailView.vue:375:35
  21 |  import CheckInQRCode from '@/components/activities/CheckInQRCode.vue'
  22 |  import CheckInScanner from '@/components/activities/CheckInScanner.vue'
  23 |  import LocationCheckInModal from '@/components/activities/LocationCheckInModal.vue'
     |                                    ^
  24 |  import ContactOrganizerModal from '@/components/activities/ContactOrganizerModal.vue'
  25 |  
      at TransformPluginContext._formatError (file:///Users/zhuricardo/Desktop/CampusRide/CampusRide/integration/node_modules/vite/dist/node/chunks/dep-C6uTJdX2.js:49258:41)
      at TransformPluginContext.error (file:///Users/zhuricardo/Desktop/CampusRide/CampusRide/integration/node_modules/vite/dist/node/chunks/dep-C6uTJdX2.js:49253:16)
      at normalizeUrl (file:///Users/zhuricardo/Desktop/CampusRide/CampusRide/integration/node_modules/vite/dist/node/chunks/dep-C6uTJdX2.js:64291:23)
      at async file:///Users/zhuricardo/Desktop/CampusRide/CampusRide/integration/node_modules/vite/dist/node/chunks/dep-C6uTJdX2.js:64423:39
      at async Promise.all (index 8)
      at async TransformPluginContext.transform (file:///Users/zhuricardo/Desktop/CampusRide/CampusRide/integration/node_modules/vite/dist/node/chunks/dep-C6uTJdX2.js:64350:7)
      at async PluginContainer.transform (file:///Users/zhuricardo/Desktop/CampusRide/CampusRide/integration/node_modules/vite/dist/node/chunks/dep-C6uTJdX2.js:49099:18)
      at async loadAndTransform (file:///Users/zhuricardo/Desktop/CampusRide/CampusRide/integration/node_modules/vite/dist/node/chunks/dep-C6uTJdX2.js:51977:27)
      at async viteTransformMiddleware (file:///Users/zhuricardo/Desktop/CampusRide/CampusRide/integration/node_modules/vite/dist/node/chunks/dep-C6uTJdX2.js:62105:24)
11:06:20 AM [vite] Internal server error: Failed to resolve import "@/components/activities/LocationCheckInModal.vue" from "src/views/ActivityDetailView.vue". Does the file exist?
  Plugin: vite:import-analysis
  File: /Users/zhuricardo/Desktop/CampusRide/CampusRide/integration/src/views/ActivityDetailView.vue:375:35
  21 |  import CheckInQRCode from '@/components/activities/CheckInQRCode.vue'
  22 |  import CheckInScanner from '@/components/activities/CheckInScanner.vue'
  23 |  import LocationCheckInModal from '@/components/activities/LocationCheckInModal.vue'
     |                                    ^
  24 |  import ContactOrganizerModal from '@/components/activities/ContactOrganizerModal.vue'
  25 |  
      at TransformPluginContext._formatError (file:///Users/zhuricardo/Desktop/CampusRide/CampusRide/integration/node_modules/vite/dist/node/chunks/dep-C6uTJdX2.js:49258:41)
      at TransformPluginContext.error (file:///Users/zhuricardo/Desktop/CampusRide/CampusRide/integration/node_modules/vite/dist/node/chunks/dep-C6uTJdX2.js:49253:16)
      at normalizeUrl (file:///Users/zhuricardo/Desktop/CampusRide/CampusRide/integration/node_modules/vite/dist/node/chunks/dep-C6uTJdX2.js:64291:23)
      at async file:///Users/zhuricardo/Desktop/CampusRide/CampusRide/integration/node_modules/vite/dist/node/chunks/dep-C6uTJdX2.js:64423:39
      at async Promise.all (index 8)
      at async TransformPluginContext.transform (file:///Users/zhuricardo/Desktop/CampusRide/CampusRide/integration/node_modules/vite/dist/node/chunks/dep-C6uTJdX2.js:64350:7)
      at async PluginContainer.transform (file:///Users/zhuricardo/Desktop/CampusRide/CampusRide/integration/node_modules/vite/dist/node/chunks/dep-C6uTJdX2.js:49099:18)
      at async loadAndTransform (file:///Users/zhuricardo/Desktop/CampusRide/CampusRide/integration/node_modules/vite/dist/node/chunks/dep-C6uTJdX2.js:51977:27)
      at async viteTransformMiddleware (file:///Users/zhuricardo/Desktop/CampusRide/CampusRide/integration/node_modules/vite/dist/node/chunks/dep-C6uTJdX2.js:62105:24)
11:06:23 AM [vite] Internal server error: Failed to resolve import "@/components/activities/LocationCheckInModal.vue" from "src/views/ActivityDetailView.vue". Does the file exist?
  Plugin: vite:import-analysis
  File: /Users/zhuricardo/Desktop/CampusRide/CampusRide/integration/src/views/ActivityDetailView.vue:375:35
  21 |  import CheckInQRCode from '@/components/activities/CheckInQRCode.vue'
  22 |  import CheckInScanner from '@/components/activities/CheckInScanner.vue'
  23 |  import LocationCheckInModal from '@/components/activities/LocationCheckInModal.vue'
     |                                    ^
  24 |  import ContactOrganizerModal from '@/components/activities/ContactOrganizerModal.vue'
  25 |  
      at TransformPluginContext._formatError (file:///Users/zhuricardo/Desktop/CampusRide/CampusRide/integration/node_modules/vite/dist/node/chunks/dep-C6uTJdX2.js:49258:41)
      at TransformPluginContext.error (file:///Users/zhuricardo/Desktop/CampusRide/CampusRide/integration/node_modules/vite/dist/node/chunks/dep-C6uTJdX2.js:49253:16)
      at normalizeUrl (file:///Users/zhuricardo/Desktop/CampusRide/CampusRide/integration/node_modules/vite/dist/node/chunks/dep-C6uTJdX2.js:64291:23)
      at async file:///Users/zhuricardo/Desktop/CampusRide/CampusRide/integration/node_modules/vite/dist/node/chunks/dep-C6uTJdX2.js:64423:39
      at async Promise.all (index 8)
      at async TransformPluginContext.transform (file:///Users/zhuricardo/Desktop/CampusRide/CampusRide/integration/node_modules/vite/dist/node/chunks/dep-C6uTJdX2.js:64350:7)
      at async PluginContainer.transform (file:///Users/zhuricardo/Desktop/CampusRide/CampusRide/integration/node_modules/vite/dist/node/chunks/dep-C6uTJdX2.js:49099:18)
      at async loadAndTransform (file:///Users/zhuricardo/Desktop/CampusRide/CampusRide/integration/node_modules/vite/dist/node/chunks/dep-C6uTJdX2.js:51977:27)
      at async viteTransformMiddleware (file:///Users/zhuricardo/Desktop/CampusRide/CampusRide/integration/node_modules/vite/dist/node/chunks/dep-C6uTJdX2.js:62105:24)
11:06:24 AM [vite] Internal server error: Failed to resolve import "@/components/activities/LocationCheckInModal.vue" from "src/views/ActivityDetailView.vue". Does the file exist?
  Plugin: vite:import-analysis
  File: /Users/zhuricardo/Desktop/CampusRide/CampusRide/integration/src/views/ActivityDetailView.vue:375:35
  21 |  import CheckInQRCode from '@/components/activities/CheckInQRCode.vue'
  22 |  import CheckInScanner from '@/components/activities/CheckInScanner.vue'
  23 |  import LocationCheckInModal from '@/components/activities/LocationCheckInModal.vue'
     |                                    ^
  24 |  import ContactOrganizerModal from '@/components/activities/ContactOrganizerModal.vue'
  25 |  
      at TransformPluginContext._formatError (file:///Users/zhuricardo/Desktop/CampusRide/CampusRide/integration/node_modules/vite/dist/node/chunks/dep-C6uTJdX2.js:49258:41)
      at TransformPluginContext.error (file:///Users/zhuricardo/Desktop/CampusRide/CampusRide/integration/node_modules/vite/dist/node/chunks/dep-C6uTJdX2.js:49253:16)
      at normalizeUrl (file:///Users/zhuricardo/Desktop/CampusRide/CampusRide/integration/node_modules/vite/dist/node/chunks/dep-C6uTJdX2.js:64291:23)
      at async file:///Users/zhuricardo/Desktop/CampusRide/CampusRide/integration/node_modules/vite/dist/node/chunks/dep-C6uTJdX2.js:64423:39
      at async Promise.all (index 8)
      at async TransformPluginContext.transform (file:///Users/zhuricardo/Desktop/CampusRide/CampusRide/integration/node_modules/vite/dist/node/chunks/dep-C6uTJdX2.js:64350:7)
      at async PluginContainer.transform (file:///Users/zhuricardo/Desktop/CampusRide/CampusRide/integration/node_modules/vite/dist/node/chunks/dep-C6uTJdX2.js:49099:18)
      at async loadAndTransform (file:///Users/zhuricardo/Desktop/CampusRide/CampusRide/integration/node_modules/vite/dist/node/chunks/dep-C6uTJdX2.js:51977:27)
      at async viteTransformMiddleware (file:///Users/zhuricardo/Desktop/CampusRide/CampusRide/integration/node_modules/vite/dist/node/chunks/dep-C6uTJdX2.js:62105:24)
11:06:27 AM [vite] page reload src/views/ActivityDetailView.vue
11:06:27 AM [vite] Pre-transform error: Failed to resolve import "@/components/activities/LocationCheckInModal.vue" from "src/views/ActivityDetailView.vue". Does the file exist?
11:06:27 AM [vite] Internal server error: Failed to resolve import "@/components/activities/LocationCheckInModal.vue" from "src/views/ActivityDetailView.vue". Does the file exist?
  Plugin: vite:import-analysis
  File: /Users/zhuricardo/Desktop/CampusRide/CampusRide/integration/src/views/ActivityDetailView.vue:375:35
  21 |  import CheckInQRCode from '@/components/activities/CheckInQRCode.vue'
  22 |  import CheckInScanner from '@/components/activities/CheckInScanner.vue'
  23 |  import LocationCheckInModal from '@/components/activities/LocationCheckInModal.vue'
     |                                    ^
  24 |  import ContactOrganizerModal from '@/components/activities/ContactOrganizerModal.vue'
  25 |  
      at TransformPluginContext._formatError (file:///Users/zhuricardo/Desktop/CampusRide/CampusRide/integration/node_modules/vite/dist/node/chunks/dep-C6uTJdX2.js:49258:41)
      at TransformPluginContext.error (file:///Users/zhuricardo/Desktop/CampusRide/CampusRide/integration/node_modules/vite/dist/node/chunks/dep-C6uTJdX2.js:49253:16)
      at normalizeUrl (file:///Users/zhuricardo/Desktop/CampusRide/CampusRide/integration/node_modules/vite/dist/node/chunks/dep-C6uTJdX2.js:64291:23)
      at async file:///Users/zhuricardo/Desktop/CampusRide/CampusRide/integration/node_modules/vite/dist/node/chunks/dep-C6uTJdX2.js:64423:39
      at async Promise.all (index 8)
      at async TransformPluginContext.transform (file:///Users/zhuricardo/Desktop/CampusRide/CampusRide/integration/node_modules/vite/dist/node/chunks/dep-C6uTJdX2.js:64350:7)
      at async PluginContainer.transform (file:///Users/zhuricardo/Desktop/CampusRide/CampusRide/integration/node_modules/vite/dist/node/chunks/dep-C6uTJdX2.js:49099:18)
      at async loadAndTransform (file:///Users/zhuricardo/Desktop/CampusRide/CampusRide/integration/node_modules/vite/dist/node/chunks/dep-C6uTJdX2.js:51977:27)
      at async viteTransformMiddleware (file:///Users/zhuricardo/Desktop/CampusRide/CampusRide/integration/node_modules/vite/dist/node/chunks/dep-C6uTJdX2.js:62105:24)
11:06:27 AM [vite] Internal server error: Failed to resolve import "@/components/activities/LocationCheckInModal.vue" from "src/views/ActivityDetailView.vue". Does the file exist?
  Plugin: vite:import-analysis
  File: /Users/zhuricardo/Desktop/CampusRide/CampusRide/integration/src/views/ActivityDetailView.vue:375:35
  21 |  import CheckInQRCode from '@/components/activities/CheckInQRCode.vue'
  22 |  import CheckInScanner from '@/components/activities/CheckInScanner.vue'
  23 |  import LocationCheckInModal from '@/components/activities/LocationCheckInModal.vue'
     |                                    ^
  24 |  import ContactOrganizerModal from '@/components/activities/ContactOrganizerModal.vue'
  25 |  
      at TransformPluginContext._formatError (file:///Users/zhuricardo/Desktop/CampusRide/CampusRide/integration/node_modules/vite/dist/node/chunks/dep-C6uTJdX2.js:49258:41)
      at TransformPluginContext.error (file:///Users/zhuricardo/Desktop/CampusRide/CampusRide/integration/node_modules/vite/dist/node/chunks/dep-C6uTJdX2.js:49253:16)
      at normalizeUrl (file:///Users/zhuricardo/Desktop/CampusRide/CampusRide/integration/node_modules/vite/dist/node/chunks/dep-C6uTJdX2.js:64291:23)
      at async file:///Users/zhuricardo/Desktop/CampusRide/CampusRide/integration/node_modules/vite/dist/node/chunks/dep-C6uTJdX2.js:64423:39
      at async Promise.all (index 8)
      at async TransformPluginContext.transform (file:///Users/zhuricardo/Desktop/CampusRide/CampusRide/integration/node_modules/vite/dist/node/chunks/dep-C6uTJdX2.js:64350:7)
      at async PluginContainer.transform (file:///Users/zhuricardo/Desktop/CampusRide/CampusRide/integration/node_modules/vite/dist/node/chunks/dep-C6uTJdX2.js:49099:18)
      at async loadAndTransform (file:///Users/zhuricardo/Desktop/CampusRide/CampusRide/integration/node_modules/vite/dist/node/chunks/dep-C6uTJdX2.js:51977:27)
      at async viteTransformMiddleware (file:///Users/zhuricardo/Desktop/CampusRide/CampusRide/integration/node_modules/vite/dist/node/chunks/dep-C6uTJdX2.js:62105:24)
11:06:27 AM [vite] Internal server error: Failed to resolve import "@/components/activities/LocationCheckInModal.vue" from "src/views/ActivityDetailView.vue". Does the file exist?
  Plugin: vite:import-analysis
  File: /Users/zhuricardo/Desktop/CampusRide/CampusRide/integration/src/views/ActivityDetailView.vue:375:35
  21 |  import CheckInQRCode from '@/components/activities/CheckInQRCode.vue'
  22 |  import CheckInScanner from '@/components/activities/CheckInScanner.vue'
  23 |  import LocationCheckInModal from '@/components/activities/LocationCheckInModal.vue'
     |                                    ^
  24 |  import ContactOrganizerModal from '@/components/activities/ContactOrganizerModal.vue'
  25 |  
      at TransformPluginContext._formatError (file:///Users/zhuricardo/Desktop/CampusRide/CampusRide/integration/node_modules/vite/dist/node/chunks/dep-C6uTJdX2.js:49258:41)
      at TransformPluginContext.error (file:///Users/zhuricardo/Desktop/CampusRide/CampusRide/integration/node_modules/vite/dist/node/chunks/dep-C6uTJdX2.js:49253:16)
      at normalizeUrl (file:///Users/zhuricardo/Desktop/CampusRide/CampusRide/integration/node_modules/vite/dist/node/chunks/dep-C6uTJdX2.js:64291:23)
      at async file:///Users/zhuricardo/Desktop/CampusRide/CampusRide/integration/node_modules/vite/dist/node/chunks/dep-C6uTJdX2.js:64423:39
      at async Promise.all (index 8)
      at async TransformPluginContext.transform (file:///Users/zhuricardo/Desktop/CampusRide/CampusRide/integration/node_modules/vite/dist/node/chunks/dep-C6uTJdX2.js:64350:7)
      at async PluginContainer.transform (file:///Users/zhuricardo/Desktop/CampusRide/CampusRide/integration/node_modules/vite/dist/node/chunks/dep-C6uTJdX2.js:49099:18)
      at async loadAndTransform (file:///Users/zhuricardo/Desktop/CampusRide/CampusRide/integration/node_modules/vite/dist/node/chunks/dep-C6uTJdX2.js:51977:27)
      at async viteTransformMiddleware (file:///Users/zhuricardo/Desktop/CampusRide/CampusRide/integration/node_modules/vite/dist/node/chunks/dep-C6uTJdX2.js:62105:24)
11:07:51 AM [vite] Internal server error: Failed to resolve import "@/components/activities/LocationCheckInModal.vue" from "src/views/ActivityDetailView.vue". Does the file exist?
  Plugin: vite:import-analysis
  File: /Users/zhuricardo/Desktop/CampusRide/CampusRide/integration/src/views/ActivityDetailView.vue:375:35
  21 |  import CheckInQRCode from '@/components/activities/CheckInQRCode.vue'
  22 |  import CheckInScanner from '@/components/activities/CheckInScanner.vue'
  23 |  import LocationCheckInModal from '@/components/activities/LocationCheckInModal.vue'
     |                                    ^
  24 |  import ContactOrganizerModal from '@/components/activities/ContactOrganizerModal.vue'
  25 |  
      at TransformPluginContext._formatError (file:///Users/zhuricardo/Desktop/CampusRide/CampusRide/integration/node_modules/vite/dist/node/chunks/dep-C6uTJdX2.js:49258:41)
      at TransformPluginContext.error (file:///Users/zhuricardo/Desktop/CampusRide/CampusRide/integration/node_modules/vite/dist/node/chunks/dep-C6uTJdX2.js:49253:16)
      at normalizeUrl (file:///Users/zhuricardo/Desktop/CampusRide/CampusRide/integration/node_modules/vite/dist/node/chunks/dep-C6uTJdX2.js:64291:23)
      at async file:///Users/zhuricardo/Desktop/CampusRide/CampusRide/integration/node_modules/vite/dist/node/chunks/dep-C6uTJdX2.js:64423:39
      at async Promise.all (index 8)
      at async TransformPluginContext.transform (file:///Users/zhuricardo/Desktop/CampusRide/CampusRide/integration/node_modules/vite/dist/node/chunks/dep-C6uTJdX2.js:64350:7)
      at async PluginContainer.transform (file:///Users/zhuricardo/Desktop/CampusRide/CampusRide/integration/node_modules/vite/dist/node/chunks/dep-C6uTJdX2.js:49099:18)
      at async loadAndTransform (file:///Users/zhuricardo/Desktop/CampusRide/CampusRide/integration/node_modules/vite/dist/node/chunks/dep-C6uTJdX2.js:51977:27)
      at async viteTransformMiddleware (file:///Users/zhuricardo/Desktop/CampusRide/CampusRide/integration/node_modules/vite/dist/node/chunks/dep-C6uTJdX2.js:62105:24)
11:07:54 AM [vite] page reload src/components/activities/LocationCheckInModal.vue
11:42:51 AM [vite] hmr update /src/components/activities/ContactOrganizerModal.vue, /src/App.vue?vue&type=style&index=0&lang.css, /src/assets/styles/main.css
11:43:14 AM [vite] hmr update /src/views/ActivitiesView.vue, /src/assets/styles/main.css, /src/App.vue?vue&type=style&index=0&lang.css, /src/views/RideshareView.vue, /src/views/LeaderboardView.vue, /src/views/GroupMapView.vue, /src/views/MarketplaceView.vue, /src/views/CreateActivityView.vue, /src/views/ActivityDetailView.vue, /src/views/GroupDetailView.vue, /src/components/groups/PostThoughtModal.vue, /src/components/groups/CreateGroupModal.vue, /src/components/activities/ActivityDetail.vue, /src/views/MessagesView.vue, /src/components/groups/GroupSidebar.vue, /src/components/activities/ActivityList.vue, /src/components/activities/ActivityForm.vue, /src/components/activities/CheckInQRCode.vue, /src/components/activities/CheckInScanner.vue, /src/views/ParticipationHistoryView.vue, /src/components/activities/ContactOrganizerModal.vue, /src/components/layout/HeaderComponent.vue, /src/components/activities/LocationCheckInModal.vue
11:43:32 AM [vite] hmr update /src/views/ActivitiesView.vue, /src/assets/styles/main.css, /src/App.vue?vue&type=style&index=0&lang.css, /src/views/RideshareView.vue, /src/views/LeaderboardView.vue, /src/views/GroupMapView.vue, /src/views/MarketplaceView.vue, /src/views/CreateActivityView.vue, /src/views/ActivityDetailView.vue, /src/views/GroupDetailView.vue, /src/components/groups/PostThoughtModal.vue, /src/components/groups/CreateGroupModal.vue, /src/components/activities/ActivityDetail.vue, /src/views/MessagesView.vue, /src/components/groups/GroupSidebar.vue, /src/components/activities/ActivityList.vue, /src/components/activities/ActivityForm.vue, /src/components/activities/CheckInQRCode.vue, /src/components/activities/CheckInScanner.vue, /src/views/ParticipationHistoryView.vue, /src/components/activities/ContactOrganizerModal.vue, /src/components/layout/HeaderComponent.vue, /src/components/activities/LocationCheckInModal.vue
11:43:58 AM [vite] hmr update /src/views/ActivityDetailView.vue, /src/assets/styles/main.css, /src/App.vue?vue&type=style&index=0&lang.css
11:44:15 AM [vite] hmr update /src/views/ActivityDetailView.vue, /src/assets/styles/main.css, /src/App.vue?vue&type=style&index=0&lang.css
11:44:26 AM [vite] hmr update /src/views/ActivityDetailView.vue, /src/assets/styles/main.css, /src/App.vue?vue&type=style&index=0&lang.css
11:44:38 AM [vite] hmr update /src/views/ActivityDetailView.vue, /src/assets/styles/main.css, /src/App.vue?vue&type=style&index=0&lang.css
11:45:25 AM [vite] hmr update /src/views/ActivityDetailView.vue, /src/assets/styles/main.css, /src/App.vue?vue&type=style&index=0&lang.css
11:45:36 AM [vite] hmr update /src/views/ActivityDetailView.vue, /src/assets/styles/main.css, /src/App.vue?vue&type=style&index=0&lang.css
11:45:50 AM [vite] hmr update /src/views/ActivitiesView.vue, /src/assets/styles/main.css, /src/App.vue?vue&type=style&index=0&lang.css
11:53:04 AM [vite] hmr update /src/views/ActivitiesView.vue, /src/assets/styles/main.css, /src/App.vue?vue&type=style&index=0&lang.css
11:53:21 AM [vite] hmr update /src/views/ActivitiesView.vue, /src/assets/styles/main.css, /src/App.vue?vue&type=style&index=0&lang.css
11:53:32 AM [vite] hmr update /src/views/ActivitiesView.vue, /src/assets/styles/main.css, /src/App.vue?vue&type=style&index=0&lang.css
11:53:42 AM [vite] hmr update /src/views/ActivitiesView.vue, /src/assets/styles/main.css, /src/App.vue?vue&type=style&index=0&lang.css
11:53:54 AM [vite] hmr update /src/views/ActivitiesView.vue, /src/assets/styles/main.css, /src/App.vue?vue&type=style&index=0&lang.css
12:16:57 PM [vite] hmr update /src/components/activities/ActivityModal.vue, /src/assets/styles/main.css, /src/App.vue?vue&type=style&index=0&lang.css
12:17:06 PM [vite] hmr update /src/components/activities/ActivityDetail.vue, /src/assets/styles/main.css, /src/App.vue?vue&type=style&index=0&lang.css
12:17:16 PM [vite] hmr update /src/components/activities/ActivityDetail.vue, /src/assets/styles/main.css, /src/App.vue?vue&type=style&index=0&lang.css
